[2024-06-09T07:16:36.859+0000] {processor.py:161} INFO - Started process (PID=120) to work on /opt/airflow/dags/welcome_dag.py
[2024-06-09T07:16:36.906+0000] {processor.py:830} INFO - Processing file /opt/airflow/dags/welcome_dag.py for tasks to queue
[2024-06-09T07:16:36.964+0000] {logging_mixin.py:188} INFO - [2024-06-09T07:16:36.953+0000] {dagbag.py:545} INFO - Filling up the DagBag from /opt/airflow/dags/welcome_dag.py
[2024-06-09T07:16:37.783+0000] {processor.py:840} INFO - DAG(s) 'welcome_dag' retrieved from /opt/airflow/dags/welcome_dag.py
[2024-06-09T07:16:40.930+0000] {logging_mixin.py:188} INFO - [2024-06-09T07:16:40.930+0000] {override.py:1829} INFO - Created Permission View: can read on DAG:welcome_dag
[2024-06-09T07:16:41.589+0000] {logging_mixin.py:188} INFO - [2024-06-09T07:16:41.588+0000] {override.py:1829} INFO - Created Permission View: can delete on DAG:welcome_dag
[2024-06-09T07:16:42.401+0000] {logging_mixin.py:188} INFO - [2024-06-09T07:16:42.401+0000] {override.py:1829} INFO - Created Permission View: can edit on DAG:welcome_dag
[2024-06-09T07:16:42.473+0000] {logging_mixin.py:188} INFO - [2024-06-09T07:16:42.473+0000] {dag.py:3096} INFO - Sync 1 DAGs
[2024-06-09T07:16:42.678+0000] {logging_mixin.py:188} INFO - [2024-06-09T07:16:42.678+0000] {dag.py:3118} INFO - Creating ORM DAG for welcome_dag
[2024-06-09T07:16:42.817+0000] {logging_mixin.py:188} INFO - [2024-06-09T07:16:42.816+0000] {dag.py:3954} INFO - Setting next_dagrun for welcome_dag to 2024-06-08 23:00:00+00:00, run_after=2024-06-09 23:00:00+00:00
[2024-06-09T07:16:44.888+0000] {processor.py:183} INFO - Processing /opt/airflow/dags/welcome_dag.py took 8.065 seconds
[2024-06-09T07:17:24.457+0000] {processor.py:161} INFO - Started process (PID=121) to work on /opt/airflow/dags/welcome_dag.py
[2024-06-09T07:17:24.460+0000] {processor.py:830} INFO - Processing file /opt/airflow/dags/welcome_dag.py for tasks to queue
[2024-06-09T07:17:24.464+0000] {logging_mixin.py:188} INFO - [2024-06-09T07:17:24.463+0000] {dagbag.py:545} INFO - Filling up the DagBag from /opt/airflow/dags/welcome_dag.py
[2024-06-09T07:17:24.696+0000] {processor.py:840} INFO - DAG(s) 'welcome_dag' retrieved from /opt/airflow/dags/welcome_dag.py
[2024-06-09T07:17:25.178+0000] {logging_mixin.py:188} INFO - [2024-06-09T07:17:25.177+0000] {dag.py:3096} INFO - Sync 1 DAGs
[2024-06-09T07:17:25.498+0000] {logging_mixin.py:188} INFO - [2024-06-09T07:17:25.497+0000] {dag.py:3954} INFO - Setting next_dagrun for welcome_dag to 2024-06-08 23:00:00+00:00, run_after=2024-06-09 23:00:00+00:00
[2024-06-09T07:17:27.146+0000] {processor.py:183} INFO - Processing /opt/airflow/dags/welcome_dag.py took 2.699 seconds
[2024-06-09T07:18:00.046+0000] {processor.py:161} INFO - Started process (PID=122) to work on /opt/airflow/dags/welcome_dag.py
[2024-06-09T07:18:00.057+0000] {processor.py:830} INFO - Processing file /opt/airflow/dags/welcome_dag.py for tasks to queue
[2024-06-09T07:18:00.076+0000] {logging_mixin.py:188} INFO - [2024-06-09T07:18:00.074+0000] {dagbag.py:545} INFO - Filling up the DagBag from /opt/airflow/dags/welcome_dag.py
[2024-06-09T07:18:00.315+0000] {processor.py:840} INFO - DAG(s) 'welcome_dag' retrieved from /opt/airflow/dags/welcome_dag.py
[2024-06-09T07:18:01.225+0000] {logging_mixin.py:188} INFO - [2024-06-09T07:18:01.225+0000] {dag.py:3096} INFO - Sync 1 DAGs
[2024-06-09T07:18:01.652+0000] {logging_mixin.py:188} INFO - [2024-06-09T07:18:01.652+0000] {dag.py:3954} INFO - Setting next_dagrun for welcome_dag to 2024-06-08 23:00:00+00:00, run_after=2024-06-09 23:00:00+00:00
[2024-06-09T07:18:03.907+0000] {processor.py:183} INFO - Processing /opt/airflow/dags/welcome_dag.py took 3.871 seconds
[2024-06-09T07:18:35.092+0000] {processor.py:161} INFO - Started process (PID=123) to work on /opt/airflow/dags/welcome_dag.py
[2024-06-09T07:18:35.094+0000] {processor.py:830} INFO - Processing file /opt/airflow/dags/welcome_dag.py for tasks to queue
[2024-06-09T07:18:35.096+0000] {logging_mixin.py:188} INFO - [2024-06-09T07:18:35.095+0000] {dagbag.py:545} INFO - Filling up the DagBag from /opt/airflow/dags/welcome_dag.py
[2024-06-09T07:18:35.498+0000] {processor.py:840} INFO - DAG(s) 'welcome_dag' retrieved from /opt/airflow/dags/welcome_dag.py
[2024-06-09T07:18:35.668+0000] {logging_mixin.py:188} INFO - [2024-06-09T07:18:35.667+0000] {dag.py:3096} INFO - Sync 1 DAGs
[2024-06-09T07:18:35.706+0000] {logging_mixin.py:188} INFO - [2024-06-09T07:18:35.705+0000] {dag.py:3954} INFO - Setting next_dagrun for welcome_dag to 2024-06-08 23:00:00+00:00, run_after=2024-06-09 23:00:00+00:00
[2024-06-09T07:18:36.378+0000] {processor.py:183} INFO - Processing /opt/airflow/dags/welcome_dag.py took 1.294 seconds
[2024-06-09T07:19:08.723+0000] {processor.py:161} INFO - Started process (PID=124) to work on /opt/airflow/dags/welcome_dag.py
[2024-06-09T07:19:08.724+0000] {processor.py:830} INFO - Processing file /opt/airflow/dags/welcome_dag.py for tasks to queue
[2024-06-09T07:19:08.728+0000] {logging_mixin.py:188} INFO - [2024-06-09T07:19:08.727+0000] {dagbag.py:545} INFO - Filling up the DagBag from /opt/airflow/dags/welcome_dag.py
[2024-06-09T07:19:08.892+0000] {processor.py:840} INFO - DAG(s) 'welcome_dag' retrieved from /opt/airflow/dags/welcome_dag.py
[2024-06-09T07:19:09.233+0000] {logging_mixin.py:188} INFO - [2024-06-09T07:19:09.233+0000] {dag.py:3096} INFO - Sync 1 DAGs
[2024-06-09T07:19:09.275+0000] {logging_mixin.py:188} INFO - [2024-06-09T07:19:09.275+0000] {dag.py:3954} INFO - Setting next_dagrun for welcome_dag to 2024-06-08 23:00:00+00:00, run_after=2024-06-09 23:00:00+00:00
[2024-06-09T07:19:10.697+0000] {processor.py:183} INFO - Processing /opt/airflow/dags/welcome_dag.py took 1.981 seconds
[2024-06-09T07:19:43.634+0000] {processor.py:161} INFO - Started process (PID=125) to work on /opt/airflow/dags/welcome_dag.py
[2024-06-09T07:19:43.636+0000] {processor.py:830} INFO - Processing file /opt/airflow/dags/welcome_dag.py for tasks to queue
[2024-06-09T07:19:43.639+0000] {logging_mixin.py:188} INFO - [2024-06-09T07:19:43.639+0000] {dagbag.py:545} INFO - Filling up the DagBag from /opt/airflow/dags/welcome_dag.py
[2024-06-09T07:19:43.743+0000] {processor.py:840} INFO - DAG(s) 'welcome_dag' retrieved from /opt/airflow/dags/welcome_dag.py
[2024-06-09T07:19:43.825+0000] {logging_mixin.py:188} INFO - [2024-06-09T07:19:43.825+0000] {dag.py:3096} INFO - Sync 1 DAGs
[2024-06-09T07:19:43.967+0000] {logging_mixin.py:188} INFO - [2024-06-09T07:19:43.966+0000] {dag.py:3954} INFO - Setting next_dagrun for welcome_dag to 2024-06-08 23:00:00+00:00, run_after=2024-06-09 23:00:00+00:00
[2024-06-09T07:19:44.331+0000] {processor.py:183} INFO - Processing /opt/airflow/dags/welcome_dag.py took 0.705 seconds
[2024-06-09T07:20:15.772+0000] {processor.py:161} INFO - Started process (PID=126) to work on /opt/airflow/dags/welcome_dag.py
[2024-06-09T07:20:15.783+0000] {processor.py:830} INFO - Processing file /opt/airflow/dags/welcome_dag.py for tasks to queue
[2024-06-09T07:20:15.791+0000] {logging_mixin.py:188} INFO - [2024-06-09T07:20:15.790+0000] {dagbag.py:545} INFO - Filling up the DagBag from /opt/airflow/dags/welcome_dag.py
[2024-06-09T07:20:15.957+0000] {processor.py:840} INFO - DAG(s) 'welcome_dag' retrieved from /opt/airflow/dags/welcome_dag.py
[2024-06-09T07:20:16.300+0000] {logging_mixin.py:188} INFO - [2024-06-09T07:20:16.300+0000] {dag.py:3096} INFO - Sync 1 DAGs
[2024-06-09T07:20:16.600+0000] {logging_mixin.py:188} INFO - [2024-06-09T07:20:16.600+0000] {dag.py:3954} INFO - Setting next_dagrun for welcome_dag to 2024-06-08 23:00:00+00:00, run_after=2024-06-09 23:00:00+00:00
[2024-06-09T07:20:18.389+0000] {processor.py:183} INFO - Processing /opt/airflow/dags/welcome_dag.py took 2.624 seconds
[2024-06-09T07:20:49.892+0000] {processor.py:161} INFO - Started process (PID=127) to work on /opt/airflow/dags/welcome_dag.py
[2024-06-09T07:20:49.894+0000] {processor.py:830} INFO - Processing file /opt/airflow/dags/welcome_dag.py for tasks to queue
[2024-06-09T07:20:49.898+0000] {logging_mixin.py:188} INFO - [2024-06-09T07:20:49.897+0000] {dagbag.py:545} INFO - Filling up the DagBag from /opt/airflow/dags/welcome_dag.py
[2024-06-09T07:20:49.994+0000] {processor.py:840} INFO - DAG(s) 'welcome_dag' retrieved from /opt/airflow/dags/welcome_dag.py
[2024-06-09T07:20:50.065+0000] {logging_mixin.py:188} INFO - [2024-06-09T07:20:50.064+0000] {dag.py:3096} INFO - Sync 1 DAGs
[2024-06-09T07:20:50.116+0000] {logging_mixin.py:188} INFO - [2024-06-09T07:20:50.115+0000] {dag.py:3954} INFO - Setting next_dagrun for welcome_dag to 2024-06-08 23:00:00+00:00, run_after=2024-06-09 23:00:00+00:00
[2024-06-09T07:20:50.381+0000] {processor.py:183} INFO - Processing /opt/airflow/dags/welcome_dag.py took 0.498 seconds
[2024-06-09T07:21:21.851+0000] {processor.py:161} INFO - Started process (PID=191) to work on /opt/airflow/dags/welcome_dag.py
[2024-06-09T07:21:21.853+0000] {processor.py:830} INFO - Processing file /opt/airflow/dags/welcome_dag.py for tasks to queue
[2024-06-09T07:21:21.856+0000] {logging_mixin.py:188} INFO - [2024-06-09T07:21:21.855+0000] {dagbag.py:545} INFO - Filling up the DagBag from /opt/airflow/dags/welcome_dag.py
[2024-06-09T07:21:21.953+0000] {processor.py:840} INFO - DAG(s) 'welcome_dag' retrieved from /opt/airflow/dags/welcome_dag.py
[2024-06-09T07:21:22.002+0000] {logging_mixin.py:188} INFO - [2024-06-09T07:21:22.002+0000] {dag.py:3096} INFO - Sync 1 DAGs
[2024-06-09T07:21:22.043+0000] {logging_mixin.py:188} INFO - [2024-06-09T07:21:22.043+0000] {dag.py:3954} INFO - Setting next_dagrun for welcome_dag to 2024-06-08 23:00:00+00:00, run_after=2024-06-09 23:00:00+00:00
[2024-06-09T07:21:22.307+0000] {processor.py:183} INFO - Processing /opt/airflow/dags/welcome_dag.py took 0.463 seconds
[2024-06-09T07:21:53.192+0000] {processor.py:161} INFO - Started process (PID=192) to work on /opt/airflow/dags/welcome_dag.py
[2024-06-09T07:21:53.197+0000] {processor.py:830} INFO - Processing file /opt/airflow/dags/welcome_dag.py for tasks to queue
[2024-06-09T07:21:53.200+0000] {logging_mixin.py:188} INFO - [2024-06-09T07:21:53.200+0000] {dagbag.py:545} INFO - Filling up the DagBag from /opt/airflow/dags/welcome_dag.py
[2024-06-09T07:21:53.703+0000] {processor.py:840} INFO - DAG(s) 'welcome_dag' retrieved from /opt/airflow/dags/welcome_dag.py
[2024-06-09T07:21:53.765+0000] {logging_mixin.py:188} INFO - [2024-06-09T07:21:53.765+0000] {dag.py:3096} INFO - Sync 1 DAGs
[2024-06-09T07:21:53.813+0000] {logging_mixin.py:188} INFO - [2024-06-09T07:21:53.813+0000] {dag.py:3954} INFO - Setting next_dagrun for welcome_dag to 2024-06-08 23:00:00+00:00, run_after=2024-06-09 23:00:00+00:00
[2024-06-09T07:21:54.061+0000] {processor.py:183} INFO - Processing /opt/airflow/dags/welcome_dag.py took 0.875 seconds
[2024-06-09T07:22:25.237+0000] {processor.py:161} INFO - Started process (PID=193) to work on /opt/airflow/dags/welcome_dag.py
[2024-06-09T07:22:25.238+0000] {processor.py:830} INFO - Processing file /opt/airflow/dags/welcome_dag.py for tasks to queue
[2024-06-09T07:22:25.240+0000] {logging_mixin.py:188} INFO - [2024-06-09T07:22:25.240+0000] {dagbag.py:545} INFO - Filling up the DagBag from /opt/airflow/dags/welcome_dag.py
[2024-06-09T07:22:25.302+0000] {processor.py:840} INFO - DAG(s) 'welcome_dag' retrieved from /opt/airflow/dags/welcome_dag.py
[2024-06-09T07:22:25.360+0000] {logging_mixin.py:188} INFO - [2024-06-09T07:22:25.359+0000] {dag.py:3096} INFO - Sync 1 DAGs
[2024-06-09T07:22:25.395+0000] {logging_mixin.py:188} INFO - [2024-06-09T07:22:25.394+0000] {dag.py:3954} INFO - Setting next_dagrun for welcome_dag to 2024-06-08 23:00:00+00:00, run_after=2024-06-09 23:00:00+00:00
[2024-06-09T07:22:25.588+0000] {processor.py:183} INFO - Processing /opt/airflow/dags/welcome_dag.py took 0.356 seconds
[2024-06-09T07:22:56.344+0000] {processor.py:161} INFO - Started process (PID=194) to work on /opt/airflow/dags/welcome_dag.py
[2024-06-09T07:22:56.345+0000] {processor.py:830} INFO - Processing file /opt/airflow/dags/welcome_dag.py for tasks to queue
[2024-06-09T07:22:56.347+0000] {logging_mixin.py:188} INFO - [2024-06-09T07:22:56.347+0000] {dagbag.py:545} INFO - Filling up the DagBag from /opt/airflow/dags/welcome_dag.py
[2024-06-09T07:22:56.431+0000] {processor.py:840} INFO - DAG(s) 'welcome_dag' retrieved from /opt/airflow/dags/welcome_dag.py
[2024-06-09T07:22:56.482+0000] {logging_mixin.py:188} INFO - [2024-06-09T07:22:56.482+0000] {dag.py:3096} INFO - Sync 1 DAGs
[2024-06-09T07:22:56.522+0000] {logging_mixin.py:188} INFO - [2024-06-09T07:22:56.522+0000] {dag.py:3954} INFO - Setting next_dagrun for welcome_dag to 2024-06-08 23:00:00+00:00, run_after=2024-06-09 23:00:00+00:00
[2024-06-09T07:22:56.774+0000] {processor.py:183} INFO - Processing /opt/airflow/dags/welcome_dag.py took 0.434 seconds
[2024-06-09T07:23:27.088+0000] {processor.py:161} INFO - Started process (PID=195) to work on /opt/airflow/dags/welcome_dag.py
[2024-06-09T07:23:27.089+0000] {processor.py:830} INFO - Processing file /opt/airflow/dags/welcome_dag.py for tasks to queue
[2024-06-09T07:23:27.091+0000] {logging_mixin.py:188} INFO - [2024-06-09T07:23:27.091+0000] {dagbag.py:545} INFO - Filling up the DagBag from /opt/airflow/dags/welcome_dag.py
[2024-06-09T07:23:27.156+0000] {processor.py:840} INFO - DAG(s) 'welcome_dag' retrieved from /opt/airflow/dags/welcome_dag.py
[2024-06-09T07:23:27.195+0000] {logging_mixin.py:188} INFO - [2024-06-09T07:23:27.195+0000] {dag.py:3096} INFO - Sync 1 DAGs
[2024-06-09T07:23:27.225+0000] {logging_mixin.py:188} INFO - [2024-06-09T07:23:27.224+0000] {dag.py:3954} INFO - Setting next_dagrun for welcome_dag to 2024-06-08 23:00:00+00:00, run_after=2024-06-09 23:00:00+00:00
[2024-06-09T07:23:27.354+0000] {processor.py:183} INFO - Processing /opt/airflow/dags/welcome_dag.py took 0.270 seconds
[2024-06-09T07:23:57.582+0000] {processor.py:161} INFO - Started process (PID=196) to work on /opt/airflow/dags/welcome_dag.py
[2024-06-09T07:23:57.584+0000] {processor.py:830} INFO - Processing file /opt/airflow/dags/welcome_dag.py for tasks to queue
[2024-06-09T07:23:57.586+0000] {logging_mixin.py:188} INFO - [2024-06-09T07:23:57.585+0000] {dagbag.py:545} INFO - Filling up the DagBag from /opt/airflow/dags/welcome_dag.py
[2024-06-09T07:23:57.670+0000] {processor.py:840} INFO - DAG(s) 'welcome_dag' retrieved from /opt/airflow/dags/welcome_dag.py
[2024-06-09T07:23:57.736+0000] {logging_mixin.py:188} INFO - [2024-06-09T07:23:57.736+0000] {dag.py:3096} INFO - Sync 1 DAGs
[2024-06-09T07:23:57.785+0000] {logging_mixin.py:188} INFO - [2024-06-09T07:23:57.785+0000] {dag.py:3954} INFO - Setting next_dagrun for welcome_dag to 2024-06-08 23:00:00+00:00, run_after=2024-06-09 23:00:00+00:00
[2024-06-09T07:23:58.064+0000] {processor.py:183} INFO - Processing /opt/airflow/dags/welcome_dag.py took 0.487 seconds
[2024-06-09T07:24:29.486+0000] {processor.py:161} INFO - Started process (PID=197) to work on /opt/airflow/dags/welcome_dag.py
[2024-06-09T07:24:29.488+0000] {processor.py:830} INFO - Processing file /opt/airflow/dags/welcome_dag.py for tasks to queue
[2024-06-09T07:24:29.492+0000] {logging_mixin.py:188} INFO - [2024-06-09T07:24:29.492+0000] {dagbag.py:545} INFO - Filling up the DagBag from /opt/airflow/dags/welcome_dag.py
[2024-06-09T07:24:29.560+0000] {processor.py:840} INFO - DAG(s) 'welcome_dag' retrieved from /opt/airflow/dags/welcome_dag.py
[2024-06-09T07:24:29.701+0000] {logging_mixin.py:188} INFO - [2024-06-09T07:24:29.701+0000] {dag.py:3096} INFO - Sync 1 DAGs
[2024-06-09T07:24:29.889+0000] {logging_mixin.py:188} INFO - [2024-06-09T07:24:29.888+0000] {dag.py:3954} INFO - Setting next_dagrun for welcome_dag to 2024-06-08 23:00:00+00:00, run_after=2024-06-09 23:00:00+00:00
[2024-06-09T07:24:30.378+0000] {processor.py:183} INFO - Processing /opt/airflow/dags/welcome_dag.py took 0.896 seconds
[2024-06-09T07:25:00.997+0000] {processor.py:161} INFO - Started process (PID=198) to work on /opt/airflow/dags/welcome_dag.py
[2024-06-09T07:25:00.998+0000] {processor.py:830} INFO - Processing file /opt/airflow/dags/welcome_dag.py for tasks to queue
[2024-06-09T07:25:01.000+0000] {logging_mixin.py:188} INFO - [2024-06-09T07:25:00.999+0000] {dagbag.py:545} INFO - Filling up the DagBag from /opt/airflow/dags/welcome_dag.py
[2024-06-09T07:25:01.195+0000] {processor.py:840} INFO - DAG(s) 'welcome_dag' retrieved from /opt/airflow/dags/welcome_dag.py
[2024-06-09T07:25:01.231+0000] {logging_mixin.py:188} INFO - [2024-06-09T07:25:01.231+0000] {dag.py:3096} INFO - Sync 1 DAGs
[2024-06-09T07:25:01.258+0000] {logging_mixin.py:188} INFO - [2024-06-09T07:25:01.257+0000] {dag.py:3954} INFO - Setting next_dagrun for welcome_dag to 2024-06-08 23:00:00+00:00, run_after=2024-06-09 23:00:00+00:00
[2024-06-09T07:25:01.470+0000] {processor.py:183} INFO - Processing /opt/airflow/dags/welcome_dag.py took 0.477 seconds
[2024-06-09T07:25:32.045+0000] {processor.py:161} INFO - Started process (PID=199) to work on /opt/airflow/dags/welcome_dag.py
[2024-06-09T07:25:32.046+0000] {processor.py:830} INFO - Processing file /opt/airflow/dags/welcome_dag.py for tasks to queue
[2024-06-09T07:25:32.048+0000] {logging_mixin.py:188} INFO - [2024-06-09T07:25:32.048+0000] {dagbag.py:545} INFO - Filling up the DagBag from /opt/airflow/dags/welcome_dag.py
[2024-06-09T07:25:32.239+0000] {processor.py:840} INFO - DAG(s) 'welcome_dag' retrieved from /opt/airflow/dags/welcome_dag.py
[2024-06-09T07:25:32.281+0000] {logging_mixin.py:188} INFO - [2024-06-09T07:25:32.281+0000] {dag.py:3096} INFO - Sync 1 DAGs
[2024-06-09T07:25:32.342+0000] {logging_mixin.py:188} INFO - [2024-06-09T07:25:32.341+0000] {dag.py:3954} INFO - Setting next_dagrun for welcome_dag to 2024-06-08 23:00:00+00:00, run_after=2024-06-09 23:00:00+00:00
[2024-06-09T07:25:32.634+0000] {processor.py:183} INFO - Processing /opt/airflow/dags/welcome_dag.py took 0.593 seconds
[2024-06-09T07:26:03.574+0000] {processor.py:161} INFO - Started process (PID=200) to work on /opt/airflow/dags/welcome_dag.py
[2024-06-09T07:26:03.576+0000] {processor.py:830} INFO - Processing file /opt/airflow/dags/welcome_dag.py for tasks to queue
[2024-06-09T07:26:03.578+0000] {logging_mixin.py:188} INFO - [2024-06-09T07:26:03.577+0000] {dagbag.py:545} INFO - Filling up the DagBag from /opt/airflow/dags/welcome_dag.py
[2024-06-09T07:26:03.634+0000] {processor.py:840} INFO - DAG(s) 'welcome_dag' retrieved from /opt/airflow/dags/welcome_dag.py
[2024-06-09T07:26:03.676+0000] {logging_mixin.py:188} INFO - [2024-06-09T07:26:03.676+0000] {dag.py:3096} INFO - Sync 1 DAGs
[2024-06-09T07:26:03.704+0000] {logging_mixin.py:188} INFO - [2024-06-09T07:26:03.704+0000] {dag.py:3954} INFO - Setting next_dagrun for welcome_dag to 2024-06-08 23:00:00+00:00, run_after=2024-06-09 23:00:00+00:00
[2024-06-09T07:26:03.822+0000] {processor.py:183} INFO - Processing /opt/airflow/dags/welcome_dag.py took 0.252 seconds
[2024-06-09T07:26:34.372+0000] {processor.py:161} INFO - Started process (PID=201) to work on /opt/airflow/dags/welcome_dag.py
[2024-06-09T07:26:34.373+0000] {processor.py:830} INFO - Processing file /opt/airflow/dags/welcome_dag.py for tasks to queue
[2024-06-09T07:26:34.376+0000] {logging_mixin.py:188} INFO - [2024-06-09T07:26:34.375+0000] {dagbag.py:545} INFO - Filling up the DagBag from /opt/airflow/dags/welcome_dag.py
[2024-06-09T07:26:34.450+0000] {processor.py:840} INFO - DAG(s) 'welcome_dag' retrieved from /opt/airflow/dags/welcome_dag.py
[2024-06-09T07:26:34.485+0000] {logging_mixin.py:188} INFO - [2024-06-09T07:26:34.485+0000] {dag.py:3096} INFO - Sync 1 DAGs
[2024-06-09T07:26:34.511+0000] {logging_mixin.py:188} INFO - [2024-06-09T07:26:34.511+0000] {dag.py:3954} INFO - Setting next_dagrun for welcome_dag to 2024-06-08 23:00:00+00:00, run_after=2024-06-09 23:00:00+00:00
[2024-06-09T07:26:34.633+0000] {processor.py:183} INFO - Processing /opt/airflow/dags/welcome_dag.py took 0.265 seconds
[2024-06-09T07:27:05.559+0000] {processor.py:161} INFO - Started process (PID=202) to work on /opt/airflow/dags/welcome_dag.py
[2024-06-09T07:27:05.560+0000] {processor.py:830} INFO - Processing file /opt/airflow/dags/welcome_dag.py for tasks to queue
[2024-06-09T07:27:05.562+0000] {logging_mixin.py:188} INFO - [2024-06-09T07:27:05.561+0000] {dagbag.py:545} INFO - Filling up the DagBag from /opt/airflow/dags/welcome_dag.py
[2024-06-09T07:27:05.614+0000] {processor.py:840} INFO - DAG(s) 'welcome_dag' retrieved from /opt/airflow/dags/welcome_dag.py
[2024-06-09T07:27:05.648+0000] {logging_mixin.py:188} INFO - [2024-06-09T07:27:05.647+0000] {dag.py:3096} INFO - Sync 1 DAGs
[2024-06-09T07:27:05.786+0000] {logging_mixin.py:188} INFO - [2024-06-09T07:27:05.786+0000] {dag.py:3954} INFO - Setting next_dagrun for welcome_dag to 2024-06-08 23:00:00+00:00, run_after=2024-06-09 23:00:00+00:00
[2024-06-09T07:27:05.922+0000] {processor.py:183} INFO - Processing /opt/airflow/dags/welcome_dag.py took 0.366 seconds
[2024-06-09T07:27:36.688+0000] {processor.py:161} INFO - Started process (PID=203) to work on /opt/airflow/dags/welcome_dag.py
[2024-06-09T07:27:36.690+0000] {processor.py:830} INFO - Processing file /opt/airflow/dags/welcome_dag.py for tasks to queue
[2024-06-09T07:27:36.692+0000] {logging_mixin.py:188} INFO - [2024-06-09T07:27:36.691+0000] {dagbag.py:545} INFO - Filling up the DagBag from /opt/airflow/dags/welcome_dag.py
[2024-06-09T07:27:36.935+0000] {processor.py:840} INFO - DAG(s) 'welcome_dag' retrieved from /opt/airflow/dags/welcome_dag.py
[2024-06-09T07:27:37.280+0000] {logging_mixin.py:188} INFO - [2024-06-09T07:27:37.280+0000] {dag.py:3096} INFO - Sync 1 DAGs
[2024-06-09T07:27:37.427+0000] {logging_mixin.py:188} INFO - [2024-06-09T07:27:37.427+0000] {dag.py:3954} INFO - Setting next_dagrun for welcome_dag to 2024-06-08 23:00:00+00:00, run_after=2024-06-09 23:00:00+00:00
[2024-06-09T07:27:38.461+0000] {processor.py:183} INFO - Processing /opt/airflow/dags/welcome_dag.py took 1.777 seconds
[2024-06-09T07:28:10.479+0000] {processor.py:161} INFO - Started process (PID=204) to work on /opt/airflow/dags/welcome_dag.py
[2024-06-09T07:28:10.482+0000] {processor.py:830} INFO - Processing file /opt/airflow/dags/welcome_dag.py for tasks to queue
[2024-06-09T07:28:10.486+0000] {logging_mixin.py:188} INFO - [2024-06-09T07:28:10.486+0000] {dagbag.py:545} INFO - Filling up the DagBag from /opt/airflow/dags/welcome_dag.py
[2024-06-09T07:28:10.546+0000] {processor.py:840} INFO - DAG(s) 'welcome_dag' retrieved from /opt/airflow/dags/welcome_dag.py
[2024-06-09T07:28:11.368+0000] {logging_mixin.py:188} INFO - [2024-06-09T07:28:11.367+0000] {dag.py:3096} INFO - Sync 1 DAGs
[2024-06-09T07:28:11.402+0000] {logging_mixin.py:188} INFO - [2024-06-09T07:28:11.402+0000] {dag.py:3954} INFO - Setting next_dagrun for welcome_dag to 2024-06-08 23:00:00+00:00, run_after=2024-06-09 23:00:00+00:00
[2024-06-09T07:28:11.791+0000] {processor.py:183} INFO - Processing /opt/airflow/dags/welcome_dag.py took 1.317 seconds
[2024-06-09T07:28:42.520+0000] {processor.py:161} INFO - Started process (PID=205) to work on /opt/airflow/dags/welcome_dag.py
[2024-06-09T07:28:42.521+0000] {processor.py:830} INFO - Processing file /opt/airflow/dags/welcome_dag.py for tasks to queue
[2024-06-09T07:28:42.523+0000] {logging_mixin.py:188} INFO - [2024-06-09T07:28:42.523+0000] {dagbag.py:545} INFO - Filling up the DagBag from /opt/airflow/dags/welcome_dag.py
[2024-06-09T07:28:42.590+0000] {processor.py:840} INFO - DAG(s) 'welcome_dag' retrieved from /opt/airflow/dags/welcome_dag.py
[2024-06-09T07:28:42.628+0000] {logging_mixin.py:188} INFO - [2024-06-09T07:28:42.628+0000] {dag.py:3096} INFO - Sync 1 DAGs
[2024-06-09T07:28:42.654+0000] {logging_mixin.py:188} INFO - [2024-06-09T07:28:42.654+0000] {dag.py:3954} INFO - Setting next_dagrun for welcome_dag to 2024-06-08 23:00:00+00:00, run_after=2024-06-09 23:00:00+00:00
[2024-06-09T07:28:42.810+0000] {processor.py:183} INFO - Processing /opt/airflow/dags/welcome_dag.py took 0.293 seconds
[2024-06-09T07:29:12.985+0000] {processor.py:161} INFO - Started process (PID=206) to work on /opt/airflow/dags/welcome_dag.py
[2024-06-09T07:29:12.986+0000] {processor.py:830} INFO - Processing file /opt/airflow/dags/welcome_dag.py for tasks to queue
[2024-06-09T07:29:12.988+0000] {logging_mixin.py:188} INFO - [2024-06-09T07:29:12.988+0000] {dagbag.py:545} INFO - Filling up the DagBag from /opt/airflow/dags/welcome_dag.py
[2024-06-09T07:29:13.052+0000] {processor.py:840} INFO - DAG(s) 'welcome_dag' retrieved from /opt/airflow/dags/welcome_dag.py
[2024-06-09T07:29:13.092+0000] {logging_mixin.py:188} INFO - [2024-06-09T07:29:13.091+0000] {dag.py:3096} INFO - Sync 1 DAGs
[2024-06-09T07:29:13.125+0000] {logging_mixin.py:188} INFO - [2024-06-09T07:29:13.125+0000] {dag.py:3954} INFO - Setting next_dagrun for welcome_dag to 2024-06-08 23:00:00+00:00, run_after=2024-06-09 23:00:00+00:00
[2024-06-09T07:29:13.350+0000] {processor.py:183} INFO - Processing /opt/airflow/dags/welcome_dag.py took 0.369 seconds
[2024-06-09T07:29:44.921+0000] {processor.py:161} INFO - Started process (PID=207) to work on /opt/airflow/dags/welcome_dag.py
[2024-06-09T07:29:44.922+0000] {processor.py:830} INFO - Processing file /opt/airflow/dags/welcome_dag.py for tasks to queue
[2024-06-09T07:29:44.924+0000] {logging_mixin.py:188} INFO - [2024-06-09T07:29:44.924+0000] {dagbag.py:545} INFO - Filling up the DagBag from /opt/airflow/dags/welcome_dag.py
[2024-06-09T07:29:45.016+0000] {processor.py:840} INFO - DAG(s) 'welcome_dag' retrieved from /opt/airflow/dags/welcome_dag.py
[2024-06-09T07:29:45.064+0000] {logging_mixin.py:188} INFO - [2024-06-09T07:29:45.064+0000] {dag.py:3096} INFO - Sync 1 DAGs
[2024-06-09T07:29:45.091+0000] {logging_mixin.py:188} INFO - [2024-06-09T07:29:45.091+0000] {dag.py:3954} INFO - Setting next_dagrun for welcome_dag to 2024-06-08 23:00:00+00:00, run_after=2024-06-09 23:00:00+00:00
[2024-06-09T07:29:45.208+0000] {processor.py:183} INFO - Processing /opt/airflow/dags/welcome_dag.py took 0.292 seconds
[2024-06-09T07:30:15.925+0000] {processor.py:161} INFO - Started process (PID=208) to work on /opt/airflow/dags/welcome_dag.py
[2024-06-09T07:30:15.927+0000] {processor.py:830} INFO - Processing file /opt/airflow/dags/welcome_dag.py for tasks to queue
[2024-06-09T07:30:15.929+0000] {logging_mixin.py:188} INFO - [2024-06-09T07:30:15.929+0000] {dagbag.py:545} INFO - Filling up the DagBag from /opt/airflow/dags/welcome_dag.py
[2024-06-09T07:30:16.021+0000] {processor.py:840} INFO - DAG(s) 'welcome_dag' retrieved from /opt/airflow/dags/welcome_dag.py
[2024-06-09T07:30:16.136+0000] {logging_mixin.py:188} INFO - [2024-06-09T07:30:16.136+0000] {dag.py:3096} INFO - Sync 1 DAGs
[2024-06-09T07:30:16.165+0000] {logging_mixin.py:188} INFO - [2024-06-09T07:30:16.165+0000] {dag.py:3954} INFO - Setting next_dagrun for welcome_dag to 2024-06-08 23:00:00+00:00, run_after=2024-06-09 23:00:00+00:00
[2024-06-09T07:30:16.456+0000] {processor.py:183} INFO - Processing /opt/airflow/dags/welcome_dag.py took 0.535 seconds
[2024-06-09T07:30:47.233+0000] {processor.py:161} INFO - Started process (PID=209) to work on /opt/airflow/dags/welcome_dag.py
[2024-06-09T07:30:47.234+0000] {processor.py:830} INFO - Processing file /opt/airflow/dags/welcome_dag.py for tasks to queue
[2024-06-09T07:30:47.236+0000] {logging_mixin.py:188} INFO - [2024-06-09T07:30:47.236+0000] {dagbag.py:545} INFO - Filling up the DagBag from /opt/airflow/dags/welcome_dag.py
[2024-06-09T07:30:47.335+0000] {processor.py:840} INFO - DAG(s) 'welcome_dag' retrieved from /opt/airflow/dags/welcome_dag.py
[2024-06-09T07:30:47.406+0000] {logging_mixin.py:188} INFO - [2024-06-09T07:30:47.406+0000] {dag.py:3096} INFO - Sync 1 DAGs
[2024-06-09T07:30:47.451+0000] {logging_mixin.py:188} INFO - [2024-06-09T07:30:47.451+0000] {dag.py:3954} INFO - Setting next_dagrun for welcome_dag to 2024-06-08 23:00:00+00:00, run_after=2024-06-09 23:00:00+00:00
[2024-06-09T07:30:47.639+0000] {processor.py:183} INFO - Processing /opt/airflow/dags/welcome_dag.py took 0.412 seconds
[2024-06-09T07:31:18.120+0000] {processor.py:161} INFO - Started process (PID=210) to work on /opt/airflow/dags/welcome_dag.py
[2024-06-09T07:31:18.122+0000] {processor.py:830} INFO - Processing file /opt/airflow/dags/welcome_dag.py for tasks to queue
[2024-06-09T07:31:18.126+0000] {logging_mixin.py:188} INFO - [2024-06-09T07:31:18.125+0000] {dagbag.py:545} INFO - Filling up the DagBag from /opt/airflow/dags/welcome_dag.py
[2024-06-09T07:31:18.205+0000] {processor.py:840} INFO - DAG(s) 'welcome_dag' retrieved from /opt/airflow/dags/welcome_dag.py
[2024-06-09T07:31:18.257+0000] {logging_mixin.py:188} INFO - [2024-06-09T07:31:18.256+0000] {dag.py:3096} INFO - Sync 1 DAGs
[2024-06-09T07:31:18.295+0000] {logging_mixin.py:188} INFO - [2024-06-09T07:31:18.295+0000] {dag.py:3954} INFO - Setting next_dagrun for welcome_dag to 2024-06-08 23:00:00+00:00, run_after=2024-06-09 23:00:00+00:00
[2024-06-09T07:31:18.478+0000] {processor.py:183} INFO - Processing /opt/airflow/dags/welcome_dag.py took 0.364 seconds
[2024-06-09T07:31:48.795+0000] {processor.py:161} INFO - Started process (PID=211) to work on /opt/airflow/dags/welcome_dag.py
[2024-06-09T07:31:48.797+0000] {processor.py:830} INFO - Processing file /opt/airflow/dags/welcome_dag.py for tasks to queue
[2024-06-09T07:31:48.800+0000] {logging_mixin.py:188} INFO - [2024-06-09T07:31:48.799+0000] {dagbag.py:545} INFO - Filling up the DagBag from /opt/airflow/dags/welcome_dag.py
[2024-06-09T07:31:48.897+0000] {processor.py:840} INFO - DAG(s) 'welcome_dag' retrieved from /opt/airflow/dags/welcome_dag.py
[2024-06-09T07:31:48.943+0000] {logging_mixin.py:188} INFO - [2024-06-09T07:31:48.943+0000] {dag.py:3096} INFO - Sync 1 DAGs
[2024-06-09T07:31:48.980+0000] {logging_mixin.py:188} INFO - [2024-06-09T07:31:48.979+0000] {dag.py:3954} INFO - Setting next_dagrun for welcome_dag to 2024-06-08 23:00:00+00:00, run_after=2024-06-09 23:00:00+00:00
[2024-06-09T07:31:49.132+0000] {processor.py:183} INFO - Processing /opt/airflow/dags/welcome_dag.py took 0.343 seconds
