[2024-06-05T18:12:03.320+0000] {manager.py:470} INFO - Processing files using up to 1 processes at a time 
[2024-06-05T18:12:03.325+0000] {manager.py:471} INFO - Process each file at most once every 30 seconds
[2024-06-05T18:12:03.328+0000] {manager.py:472} INFO - Checking for new files in /opt/airflow/dags every 300 seconds
[2024-06-05T18:12:03.331+0000] {manager.py:737} INFO - Searching for files in /opt/airflow/dags
[2024-06-05T18:12:03.336+0000] {manager.py:740} INFO - There are 0 files in /opt/airflow/dags
[2024-06-05T18:17:03.546+0000] {manager.py:737} INFO - Searching for files in /opt/airflow/dags
[2024-06-05T18:17:03.551+0000] {manager.py:740} INFO - There are 0 files in /opt/airflow/dags
[2024-06-05T18:22:04.314+0000] {manager.py:737} INFO - Searching for files in /opt/airflow/dags
[2024-06-05T18:22:04.318+0000] {manager.py:740} INFO - There are 0 files in /opt/airflow/dags
[2024-06-05T18:27:05.599+0000] {manager.py:737} INFO - Searching for files in /opt/airflow/dags
[2024-06-05T18:27:05.604+0000] {manager.py:740} INFO - There are 0 files in /opt/airflow/dags
[2024-06-05T18:29:08.861+0000] {manager.py:470} INFO - Processing files using up to 1 processes at a time 
[2024-06-05T18:29:08.863+0000] {manager.py:471} INFO - Process each file at most once every 30 seconds
[2024-06-05T18:29:08.865+0000] {manager.py:472} INFO - Checking for new files in /opt/airflow/dags every 300 seconds
[2024-06-05T18:29:08.867+0000] {manager.py:737} INFO - Searching for files in /opt/airflow/dags
[2024-06-05T18:29:08.872+0000] {manager.py:740} INFO - There are 0 files in /opt/airflow/dags
[2024-06-05T18:34:10.161+0000] {manager.py:737} INFO - Searching for files in /opt/airflow/dags
[2024-06-05T18:34:10.166+0000] {manager.py:740} INFO - There are 0 files in /opt/airflow/dags
[2024-06-05T18:39:10.948+0000] {manager.py:737} INFO - Searching for files in /opt/airflow/dags
[2024-06-05T18:39:10.952+0000] {manager.py:740} INFO - There are 0 files in /opt/airflow/dags
[2024-06-05T18:44:11.150+0000] {manager.py:737} INFO - Searching for files in /opt/airflow/dags
[2024-06-05T18:44:11.154+0000] {manager.py:740} INFO - There are 0 files in /opt/airflow/dags
[2024-06-05T18:49:11.446+0000] {manager.py:737} INFO - Searching for files in /opt/airflow/dags
[2024-06-05T18:49:11.449+0000] {manager.py:740} INFO - There are 0 files in /opt/airflow/dags
[2024-06-05T18:54:11.643+0000] {manager.py:737} INFO - Searching for files in /opt/airflow/dags
[2024-06-05T18:54:11.650+0000] {manager.py:740} INFO - There are 0 files in /opt/airflow/dags
[2024-06-05T18:59:11.696+0000] {manager.py:737} INFO - Searching for files in /opt/airflow/dags
[2024-06-05T18:59:11.704+0000] {manager.py:740} INFO - There are 0 files in /opt/airflow/dags
[2024-06-05T19:04:11.842+0000] {manager.py:737} INFO - Searching for files in /opt/airflow/dags
[2024-06-05T19:04:11.846+0000] {manager.py:740} INFO - There are 0 files in /opt/airflow/dags
[2024-06-05T19:09:11.893+0000] {manager.py:737} INFO - Searching for files in /opt/airflow/dags
[2024-06-05T19:09:11.900+0000] {manager.py:740} INFO - There are 0 files in /opt/airflow/dags
[2024-06-05T19:13:31.466+0000] {manager.py:470} INFO - Processing files using up to 1 processes at a time 
[2024-06-05T19:13:31.468+0000] {manager.py:471} INFO - Process each file at most once every 30 seconds
[2024-06-05T19:13:31.471+0000] {manager.py:472} INFO - Checking for new files in /opt/airflow/dags every 300 seconds
[2024-06-05T19:13:31.474+0000] {manager.py:737} INFO - Searching for files in /opt/airflow/dags
[2024-06-05T19:13:31.478+0000] {manager.py:740} INFO - There are 0 files in /opt/airflow/dags
[2024-06-05T19:14:00.316+0000] {manager.py:452} INFO - Exiting gracefully upon receiving signal 15
[2024-06-05T19:14:12.250+0000] {manager.py:737} INFO - Searching for files in /opt/airflow/dags
[2024-06-05T19:14:12.255+0000] {manager.py:740} INFO - There are 0 files in /opt/airflow/dags
[2024-06-05T19:19:12.575+0000] {manager.py:737} INFO - Searching for files in /opt/airflow/dags
[2024-06-05T19:19:12.582+0000] {manager.py:740} INFO - There are 0 files in /opt/airflow/dags
[2024-06-05T19:27:20.370+0000] {manager.py:470} INFO - Processing files using up to 1 processes at a time 
[2024-06-05T19:27:20.375+0000] {manager.py:471} INFO - Process each file at most once every 30 seconds
[2024-06-05T19:27:20.378+0000] {manager.py:472} INFO - Checking for new files in /opt/airflow/dags every 300 seconds
[2024-06-05T19:27:20.384+0000] {manager.py:737} INFO - Searching for files in /opt/airflow/dags
[2024-06-05T19:27:20.390+0000] {manager.py:740} INFO - There are 0 files in /opt/airflow/dags
[2024-06-05T19:32:20.780+0000] {manager.py:737} INFO - Searching for files in /opt/airflow/dags
[2024-06-05T19:32:20.784+0000] {manager.py:740} INFO - There are 0 files in /opt/airflow/dags
[2024-06-05T19:37:21.279+0000] {manager.py:737} INFO - Searching for files in /opt/airflow/dags
[2024-06-05T19:37:21.284+0000] {manager.py:740} INFO - There are 0 files in /opt/airflow/dags
[2024-06-05T19:38:38.597+0000] {manager.py:470} INFO - Processing files using up to 1 processes at a time 
[2024-06-05T19:38:38.599+0000] {manager.py:471} INFO - Process each file at most once every 30 seconds
[2024-06-05T19:38:38.601+0000] {manager.py:472} INFO - Checking for new files in /opt/airflow/dags every 300 seconds
[2024-06-05T19:38:38.603+0000] {manager.py:737} INFO - Searching for files in /opt/airflow/dags
[2024-06-05T19:38:38.607+0000] {manager.py:740} INFO - There are 0 files in /opt/airflow/dags
[2024-06-09T06:36:25.538+0000] {manager.py:470} INFO - Processing files using up to 1 processes at a time 
[2024-06-09T06:36:25.544+0000] {manager.py:471} INFO - Process each file at most once every 30 seconds
[2024-06-09T06:36:25.562+0000] {manager.py:472} INFO - Checking for new files in /opt/airflow/dags every 300 seconds
[2024-06-09T06:36:25.564+0000] {manager.py:737} INFO - Searching for files in /opt/airflow/dags
[2024-06-09T06:36:25.568+0000] {manager.py:740} INFO - There are 0 files in /opt/airflow/dags
[2024-06-09T06:41:27.115+0000] {manager.py:737} INFO - Searching for files in /opt/airflow/dags
[2024-06-09T06:41:27.119+0000] {manager.py:740} INFO - There are 0 files in /opt/airflow/dags
[2024-06-09T06:46:30.308+0000] {manager.py:737} INFO - Searching for files in /opt/airflow/dags
[2024-06-09T06:46:30.311+0000] {manager.py:740} INFO - There are 0 files in /opt/airflow/dags
[2024-06-09T06:51:30.711+0000] {manager.py:737} INFO - Searching for files in /opt/airflow/dags
[2024-06-09T06:51:30.716+0000] {manager.py:740} INFO - There are 0 files in /opt/airflow/dags
[2024-06-09T06:56:31.854+0000] {manager.py:737} INFO - Searching for files in /opt/airflow/dags
[2024-06-09T06:56:31.864+0000] {manager.py:740} INFO - There are 0 files in /opt/airflow/dags
[2024-06-09T07:01:32.097+0000] {manager.py:737} INFO - Searching for files in /opt/airflow/dags
[2024-06-09T07:01:32.102+0000] {manager.py:740} INFO - There are 0 files in /opt/airflow/dags
[2024-06-09T07:06:33.047+0000] {manager.py:737} INFO - Searching for files in /opt/airflow/dags
[2024-06-09T07:06:33.056+0000] {manager.py:740} INFO - There are 0 files in /opt/airflow/dags
[2024-06-09T07:11:33.665+0000] {manager.py:737} INFO - Searching for files in /opt/airflow/dags
[2024-06-09T07:11:33.667+0000] {manager.py:740} INFO - There are 0 files in /opt/airflow/dags
[2024-06-09T07:16:34.122+0000] {manager.py:737} INFO - Searching for files in /opt/airflow/dags
[2024-06-09T07:16:35.370+0000] {manager.py:740} INFO - There are 1 files in /opt/airflow/dags
[2024-06-09T07:16:44.930+0000] {manager.py:878} INFO - 
================================================================================
DAG File Processing Stats

File Path                         PID    Runtime      # DAGs    # Errors  Last Runtime    Last Run
--------------------------------  -----  ---------  --------  ----------  --------------  -------------------
/opt/airflow/dags/welcome_dag.py                           1           0  8.57s           2024-06-09T07:16:44
================================================================================
[2024-06-09T07:17:27.217+0000] {manager.py:878} INFO - 
================================================================================
DAG File Processing Stats

File Path                         PID    Runtime      # DAGs    # Errors  Last Runtime    Last Run
--------------------------------  -----  ---------  --------  ----------  --------------  -------------------
/opt/airflow/dags/welcome_dag.py                           1           0  3.01s           2024-06-09T07:17:27
================================================================================
[2024-06-09T07:18:03.973+0000] {manager.py:878} INFO - 
================================================================================
DAG File Processing Stats

File Path                         PID    Runtime      # DAGs    # Errors  Last Runtime    Last Run
--------------------------------  -----  ---------  --------  ----------  --------------  -------------------
/opt/airflow/dags/welcome_dag.py                           1           0  4.94s           2024-06-09T07:18:03
================================================================================
[2024-06-09T07:18:36.422+0000] {manager.py:878} INFO - 
================================================================================
DAG File Processing Stats

File Path                         PID    Runtime      # DAGs    # Errors  Last Runtime    Last Run
--------------------------------  -----  ---------  --------  ----------  --------------  -------------------
/opt/airflow/dags/welcome_dag.py                           1           0  1.51s           2024-06-09T07:18:36
================================================================================
[2024-06-09T07:19:10.731+0000] {manager.py:878} INFO - 
================================================================================
DAG File Processing Stats

File Path                         PID    Runtime      # DAGs    # Errors  Last Runtime    Last Run
--------------------------------  -----  ---------  --------  ----------  --------------  -------------------
/opt/airflow/dags/welcome_dag.py                           1           0  2.21s           2024-06-09T07:19:10
================================================================================
[2024-06-09T07:19:44.416+0000] {manager.py:878} INFO - 
================================================================================
DAG File Processing Stats

File Path                         PID    Runtime      # DAGs    # Errors  Last Runtime    Last Run
--------------------------------  -----  ---------  --------  ----------  --------------  -------------------
/opt/airflow/dags/welcome_dag.py                           1           0  1.11s           2024-06-09T07:19:44
================================================================================
[2024-06-09T07:20:18.470+0000] {manager.py:878} INFO - 
================================================================================
DAG File Processing Stats

File Path                         PID    Runtime      # DAGs    # Errors  Last Runtime    Last Run
--------------------------------  -----  ---------  --------  ----------  --------------  -------------------
/opt/airflow/dags/welcome_dag.py                           1           0  2.81s           2024-06-09T07:20:18
================================================================================
[2024-06-09T07:20:50.431+0000] {manager.py:878} INFO - 
================================================================================
DAG File Processing Stats

File Path                         PID    Runtime      # DAGs    # Errors  Last Runtime    Last Run
--------------------------------  -----  ---------  --------  ----------  --------------  -------------------
/opt/airflow/dags/welcome_dag.py                           1           0  0.60s           2024-06-09T07:20:50
================================================================================
[2024-06-09T07:21:22.364+0000] {manager.py:878} INFO - 
================================================================================
DAG File Processing Stats

File Path                         PID    Runtime      # DAGs    # Errors  Last Runtime    Last Run
--------------------------------  -----  ---------  --------  ----------  --------------  -------------------
/opt/airflow/dags/welcome_dag.py                           1           0  0.61s           2024-06-09T07:21:22
================================================================================
[2024-06-09T07:21:35.402+0000] {manager.py:737} INFO - Searching for files in /opt/airflow/dags
[2024-06-09T07:21:35.621+0000] {manager.py:740} INFO - There are 1 files in /opt/airflow/dags
[2024-06-09T07:21:54.075+0000] {manager.py:878} INFO - 
================================================================================
DAG File Processing Stats

File Path                         PID    Runtime      # DAGs    # Errors  Last Runtime    Last Run
--------------------------------  -----  ---------  --------  ----------  --------------  -------------------
/opt/airflow/dags/welcome_dag.py                           1           0  1.21s           2024-06-09T07:21:54
================================================================================
[2024-06-09T07:22:25.689+0000] {manager.py:878} INFO - 
================================================================================
DAG File Processing Stats

File Path                         PID    Runtime      # DAGs    # Errors  Last Runtime    Last Run
--------------------------------  -----  ---------  --------  ----------  --------------  -------------------
/opt/airflow/dags/welcome_dag.py                           1           0  0.50s           2024-06-09T07:22:25
================================================================================
[2024-06-09T07:22:56.803+0000] {manager.py:878} INFO - 
================================================================================
DAG File Processing Stats

File Path                         PID    Runtime      # DAGs    # Errors  Last Runtime    Last Run
--------------------------------  -----  ---------  --------  ----------  --------------  -------------------
/opt/airflow/dags/welcome_dag.py                           1           0  0.50s           2024-06-09T07:22:56
================================================================================
[2024-06-09T07:23:27.441+0000] {manager.py:878} INFO - 
================================================================================
DAG File Processing Stats

File Path                         PID    Runtime      # DAGs    # Errors  Last Runtime    Last Run
--------------------------------  -----  ---------  --------  ----------  --------------  -------------------
/opt/airflow/dags/welcome_dag.py                           1           0  0.40s           2024-06-09T07:23:27
================================================================================
[2024-06-09T07:23:58.134+0000] {manager.py:878} INFO - 
================================================================================
DAG File Processing Stats

File Path                         PID    Runtime      # DAGs    # Errors  Last Runtime    Last Run
--------------------------------  -----  ---------  --------  ----------  --------------  -------------------
/opt/airflow/dags/welcome_dag.py                           1           0  0.60s           2024-06-09T07:23:58
================================================================================
[2024-06-09T07:24:30.419+0000] {manager.py:878} INFO - 
================================================================================
DAG File Processing Stats

File Path                         PID    Runtime      # DAGs    # Errors  Last Runtime    Last Run
--------------------------------  -----  ---------  --------  ----------  --------------  -------------------
/opt/airflow/dags/welcome_dag.py                           1           0  1.11s           2024-06-09T07:24:30
================================================================================
[2024-06-09T07:25:01.530+0000] {manager.py:878} INFO - 
================================================================================
DAG File Processing Stats

File Path                         PID    Runtime      # DAGs    # Errors  Last Runtime    Last Run
--------------------------------  -----  ---------  --------  ----------  --------------  -------------------
/opt/airflow/dags/welcome_dag.py                           1           0  0.60s           2024-06-09T07:25:01
================================================================================
[2024-06-09T07:25:32.683+0000] {manager.py:878} INFO - 
================================================================================
DAG File Processing Stats

File Path                         PID    Runtime      # DAGs    # Errors  Last Runtime    Last Run
--------------------------------  -----  ---------  --------  ----------  --------------  -------------------
/opt/airflow/dags/welcome_dag.py                           1           0  0.70s           2024-06-09T07:25:32
================================================================================
[2024-06-09T07:26:03.828+0000] {manager.py:878} INFO - 
================================================================================
DAG File Processing Stats

File Path                         PID    Runtime      # DAGs    # Errors  Last Runtime    Last Run
--------------------------------  -----  ---------  --------  ----------  --------------  -------------------
/opt/airflow/dags/welcome_dag.py                           1           0  0.31s           2024-06-09T07:26:03
================================================================================
[2024-06-09T07:26:34.724+0000] {manager.py:878} INFO - 
================================================================================
DAG File Processing Stats

File Path                         PID    Runtime      # DAGs    # Errors  Last Runtime    Last Run
--------------------------------  -----  ---------  --------  ----------  --------------  -------------------
/opt/airflow/dags/welcome_dag.py                           1           0  0.40s           2024-06-09T07:26:34
================================================================================
[2024-06-09T07:26:36.193+0000] {manager.py:737} INFO - Searching for files in /opt/airflow/dags
[2024-06-09T07:26:36.311+0000] {manager.py:740} INFO - There are 1 files in /opt/airflow/dags
[2024-06-09T07:27:06.018+0000] {manager.py:878} INFO - 
================================================================================
DAG File Processing Stats

File Path                         PID    Runtime      # DAGs    # Errors  Last Runtime    Last Run
--------------------------------  -----  ---------  --------  ----------  --------------  -------------------
/opt/airflow/dags/welcome_dag.py                           1           0  0.50s           2024-06-09T07:27:06
================================================================================
[2024-06-09T07:27:38.467+0000] {manager.py:878} INFO - 
================================================================================
DAG File Processing Stats

File Path                         PID    Runtime      # DAGs    # Errors  Last Runtime    Last Run
--------------------------------  -----  ---------  --------  ----------  --------------  -------------------
/opt/airflow/dags/welcome_dag.py                           1           0  1.91s           2024-06-09T07:27:38
================================================================================
[2024-06-09T07:28:11.871+0000] {manager.py:878} INFO - 
================================================================================
DAG File Processing Stats

File Path                         PID    Runtime      # DAGs    # Errors  Last Runtime    Last Run
--------------------------------  -----  ---------  --------  ----------  --------------  -------------------
/opt/airflow/dags/welcome_dag.py                           1           0  1.61s           2024-06-09T07:28:11
================================================================================
[2024-06-09T07:28:42.873+0000] {manager.py:878} INFO - 
================================================================================
DAG File Processing Stats

File Path                         PID    Runtime      # DAGs    # Errors  Last Runtime    Last Run
--------------------------------  -----  ---------  --------  ----------  --------------  -------------------
/opt/airflow/dags/welcome_dag.py                           1           0  0.40s           2024-06-09T07:28:42
================================================================================
[2024-06-09T07:29:13.432+0000] {manager.py:878} INFO - 
================================================================================
DAG File Processing Stats

File Path                         PID    Runtime      # DAGs    # Errors  Last Runtime    Last Run
--------------------------------  -----  ---------  --------  ----------  --------------  -------------------
/opt/airflow/dags/welcome_dag.py                           1           0  0.50s           2024-06-09T07:29:13
================================================================================
[2024-06-09T07:29:45.258+0000] {manager.py:878} INFO - 
================================================================================
DAG File Processing Stats

File Path                         PID    Runtime      # DAGs    # Errors  Last Runtime    Last Run
--------------------------------  -----  ---------  --------  ----------  --------------  -------------------
/opt/airflow/dags/welcome_dag.py                           1           0  0.40s           2024-06-09T07:29:45
================================================================================
[2024-06-09T07:30:16.555+0000] {manager.py:878} INFO - 
================================================================================
DAG File Processing Stats

File Path                         PID    Runtime      # DAGs    # Errors  Last Runtime    Last Run
--------------------------------  -----  ---------  --------  ----------  --------------  -------------------
/opt/airflow/dags/welcome_dag.py                           1           0  0.73s           2024-06-09T07:30:16
================================================================================
[2024-06-09T07:30:47.669+0000] {manager.py:878} INFO - 
================================================================================
DAG File Processing Stats

File Path                         PID    Runtime      # DAGs    # Errors  Last Runtime    Last Run
--------------------------------  -----  ---------  --------  ----------  --------------  -------------------
/opt/airflow/dags/welcome_dag.py                           1           0  0.50s           2024-06-09T07:30:47
================================================================================
[2024-06-09T07:31:18.522+0000] {manager.py:878} INFO - 
================================================================================
DAG File Processing Stats

File Path                         PID    Runtime      # DAGs    # Errors  Last Runtime    Last Run
--------------------------------  -----  ---------  --------  ----------  --------------  -------------------
/opt/airflow/dags/welcome_dag.py                           1           0  0.50s           2024-06-09T07:31:18
================================================================================
[2024-06-09T07:31:36.245+0000] {manager.py:737} INFO - Searching for files in /opt/airflow/dags
[2024-06-09T07:31:36.394+0000] {manager.py:740} INFO - There are 1 files in /opt/airflow/dags
